#! /usr/local/iverilog/bin/vvp
:ivl_version "11.0 (devel)";
:ivl_delay_selection "TYPICAL";
:vpi_time_precision + 0;
:vpi_module "C:\iverilog\lib\ivl\system.vpi";
:vpi_module "C:\iverilog\lib\ivl\vhdl_sys.vpi";
:vpi_module "C:\iverilog\lib\ivl\vhdl_textio.vpi";
:vpi_module "C:\iverilog\lib\ivl\v2005_math.vpi";
:vpi_module "C:\iverilog\lib\ivl\va_math.vpi";
S_0000000000f64300 .scope module, "testbench" "testbench" 2 1;
 .timescale 0 0;
v0000000000fe2980_0 .var "clock", 0 0;
v0000000000fe3c70_0 .var "in", 3 0;
v0000000000fe4490_0 .var "in1", 0 0;
v0000000000fe4d50_0 .var "in2", 0 0;
v0000000000fe4530_0 .var "in3", 0 0;
v0000000000fe4cb0_0 .var "in4", 0 0;
v0000000000fe40d0_0 .var "in5", 0 0;
v0000000000fe3f90_0 .net "out", 0 0, v0000000000fe2160_0;  1 drivers
v0000000000fe33b0_0 .net "out2", 3 0, L_0000000000fe3450;  1 drivers
v0000000000fe4e90 .array "tb_mem", 2 0, 31 0;
S_0000000000f72e80 .scope module, "switch" "switch_box_4x4" 2 11, 3 63 0, S_0000000000f64300;
 .timescale 0 0;
    .port_info 0 /OUTPUT 4 "out";
    .port_info 1 /INPUT 4 "in";
L_0000000000f62d20 .functor AND 1, L_0000000000fe3a90, L_0000000000fe3db0, C4<1>, C4<1>;
L_0000000000f633b0 .functor AND 1, L_0000000000fe38b0, L_0000000000fe3810, C4<1>, C4<1>;
L_0000000000f62e00 .functor OR 1, L_0000000000f62d20, L_0000000000f633b0, C4<0>, C4<0>;
L_0000000000f62ee0 .functor AND 1, L_0000000000fe31d0, L_0000000000fe3ef0, C4<1>, C4<1>;
L_0000000000f628c0 .functor OR 1, L_0000000000f62e00, L_0000000000f62ee0, C4<0>, C4<0>;
L_0000000000f63030 .functor AND 1, L_0000000000fe4170, L_0000000000fe3b30, C4<1>, C4<1>;
L_0000000000f631f0 .functor OR 1, L_0000000000f628c0, L_0000000000f63030, C4<0>, C4<0>;
L_0000000000f63340 .functor AND 1, L_0000000000fe4df0, L_0000000000fe4030, C4<1>, C4<1>;
L_0000000000f63420 .functor AND 1, L_0000000000fe4990, L_0000000000fe3950, C4<1>, C4<1>;
L_0000000000f63490 .functor OR 1, L_0000000000f63340, L_0000000000f63420, C4<0>, C4<0>;
L_0000000000f629a0 .functor AND 1, L_0000000000fe3bd0, L_0000000000fe4a30, C4<1>, C4<1>;
L_0000000000f63500 .functor OR 1, L_0000000000f63490, L_0000000000f629a0, C4<0>, C4<0>;
L_0000000000f63260 .functor AND 1, L_0000000000fe4ad0, L_0000000000fe34f0, C4<1>, C4<1>;
L_0000000000f63650 .functor OR 1, L_0000000000f63500, L_0000000000f63260, C4<0>, C4<0>;
L_0000000000f62a10 .functor AND 1, L_0000000000fe48f0, L_0000000000fe3090, C4<1>, C4<1>;
L_0000000000fe6de0 .functor AND 1, L_0000000000fe39f0, L_0000000000fe4850, C4<1>, C4<1>;
L_0000000000fe69f0 .functor OR 1, L_0000000000f62a10, L_0000000000fe6de0, C4<0>, C4<0>;
L_0000000000fe6830 .functor AND 1, L_0000000000fe4b70, L_0000000000fe4c10, C4<1>, C4<1>;
L_0000000000fe6b40 .functor OR 1, L_0000000000fe69f0, L_0000000000fe6830, C4<0>, C4<0>;
L_0000000000fe6980 .functor AND 1, L_0000000000fe4f30, L_0000000000fe3d10, C4<1>, C4<1>;
L_0000000000fe71d0 .functor OR 1, L_0000000000fe6b40, L_0000000000fe6980, C4<0>, C4<0>;
L_0000000000fe68a0 .functor AND 1, L_0000000000fe3130, L_0000000000fe36d0, C4<1>, C4<1>;
L_0000000000fe6670 .functor AND 1, L_0000000000fe42b0, L_0000000000fe3270, C4<1>, C4<1>;
L_0000000000fe6c90 .functor OR 1, L_0000000000fe68a0, L_0000000000fe6670, C4<0>, C4<0>;
L_0000000000fe6bb0 .functor AND 1, L_0000000000fe45d0, L_0000000000fe3310, C4<1>, C4<1>;
L_0000000000fe6600 .functor OR 1, L_0000000000fe6c90, L_0000000000fe6bb0, C4<0>, C4<0>;
L_0000000000fe7390 .functor AND 1, L_0000000000fe3e50, L_0000000000fe3590, C4<1>, C4<1>;
L_0000000000fe6c20 .functor OR 1, L_0000000000fe6600, L_0000000000fe7390, C4<0>, C4<0>;
v0000000000f803e0_0 .net *"_ivl_100", 0 0, L_0000000000fe3130;  1 drivers
v0000000000f81a60_0 .net *"_ivl_102", 0 0, L_0000000000fe36d0;  1 drivers
v0000000000f80f20_0 .net *"_ivl_103", 0 0, L_0000000000fe68a0;  1 drivers
v0000000000f80700_0 .net *"_ivl_106", 0 0, L_0000000000fe42b0;  1 drivers
v0000000000f807a0_0 .net *"_ivl_108", 0 0, L_0000000000fe3270;  1 drivers
v0000000000f81b00_0 .net *"_ivl_109", 0 0, L_0000000000fe6670;  1 drivers
v0000000000f80980_0 .net *"_ivl_11", 0 0, L_0000000000fe3810;  1 drivers
v0000000000f81ba0_0 .net *"_ivl_111", 0 0, L_0000000000fe6c90;  1 drivers
v0000000000f80a20_0 .net *"_ivl_114", 0 0, L_0000000000fe45d0;  1 drivers
v0000000000f805c0_0 .net *"_ivl_116", 0 0, L_0000000000fe3310;  1 drivers
v0000000000f80d40_0 .net *"_ivl_117", 0 0, L_0000000000fe6bb0;  1 drivers
v0000000000f81c40_0 .net *"_ivl_119", 0 0, L_0000000000fe6600;  1 drivers
v0000000000f80de0_0 .net *"_ivl_12", 0 0, L_0000000000f633b0;  1 drivers
v0000000000f80e80_0 .net *"_ivl_122", 0 0, L_0000000000fe3e50;  1 drivers
v0000000000f81100_0 .net *"_ivl_124", 0 0, L_0000000000fe3590;  1 drivers
v0000000000f81e20_0 .net *"_ivl_125", 0 0, L_0000000000fe7390;  1 drivers
v0000000000f80480_0 .net *"_ivl_127", 0 0, L_0000000000fe6c20;  1 drivers
v0000000000f811a0_0 .net *"_ivl_14", 0 0, L_0000000000f62e00;  1 drivers
v0000000000f812e0_0 .net *"_ivl_17", 0 0, L_0000000000fe31d0;  1 drivers
v0000000000f81ce0_0 .net *"_ivl_19", 0 0, L_0000000000fe3ef0;  1 drivers
v0000000000f81d80_0 .net *"_ivl_20", 0 0, L_0000000000f62ee0;  1 drivers
v0000000000f800c0_0 .net *"_ivl_22", 0 0, L_0000000000f628c0;  1 drivers
v0000000000f60b60_0 .net *"_ivl_25", 0 0, L_0000000000fe4170;  1 drivers
v0000000000f60de0_0 .net *"_ivl_27", 0 0, L_0000000000fe3b30;  1 drivers
v0000000000fe2700_0 .net *"_ivl_28", 0 0, L_0000000000f63030;  1 drivers
v0000000000fe1580_0 .net *"_ivl_3", 0 0, L_0000000000fe3a90;  1 drivers
v0000000000fe2a20_0 .net *"_ivl_30", 0 0, L_0000000000f631f0;  1 drivers
v0000000000fe2ac0_0 .net *"_ivl_35", 0 0, L_0000000000fe4df0;  1 drivers
v0000000000fe13a0_0 .net *"_ivl_37", 0 0, L_0000000000fe4030;  1 drivers
v0000000000fe2b60_0 .net *"_ivl_38", 0 0, L_0000000000f63340;  1 drivers
v0000000000fe14e0_0 .net *"_ivl_41", 0 0, L_0000000000fe4990;  1 drivers
v0000000000fe2340_0 .net *"_ivl_43", 0 0, L_0000000000fe3950;  1 drivers
v0000000000fe2660_0 .net *"_ivl_44", 0 0, L_0000000000f63420;  1 drivers
v0000000000fe1b20_0 .net *"_ivl_46", 0 0, L_0000000000f63490;  1 drivers
v0000000000fe23e0_0 .net *"_ivl_49", 0 0, L_0000000000fe3bd0;  1 drivers
v0000000000fe1440_0 .net *"_ivl_5", 0 0, L_0000000000fe3db0;  1 drivers
v0000000000fe19e0_0 .net *"_ivl_51", 0 0, L_0000000000fe4a30;  1 drivers
v0000000000fe1c60_0 .net *"_ivl_52", 0 0, L_0000000000f629a0;  1 drivers
v0000000000fe2c00_0 .net *"_ivl_54", 0 0, L_0000000000f63500;  1 drivers
v0000000000fe1120_0 .net *"_ivl_57", 0 0, L_0000000000fe4ad0;  1 drivers
v0000000000fe1260_0 .net *"_ivl_59", 0 0, L_0000000000fe34f0;  1 drivers
v0000000000fe20c0_0 .net *"_ivl_6", 0 0, L_0000000000f62d20;  1 drivers
v0000000000fe1620_0 .net *"_ivl_60", 0 0, L_0000000000f63260;  1 drivers
v0000000000fe16c0_0 .net *"_ivl_62", 0 0, L_0000000000f63650;  1 drivers
v0000000000fe1760_0 .net *"_ivl_67", 0 0, L_0000000000fe48f0;  1 drivers
v0000000000fe1300_0 .net *"_ivl_69", 0 0, L_0000000000fe3090;  1 drivers
v0000000000fe1800_0 .net *"_ivl_70", 0 0, L_0000000000f62a10;  1 drivers
v0000000000fe2e80_0 .net *"_ivl_73", 0 0, L_0000000000fe39f0;  1 drivers
v0000000000fe18a0_0 .net *"_ivl_75", 0 0, L_0000000000fe4850;  1 drivers
v0000000000fe1a80_0 .net *"_ivl_76", 0 0, L_0000000000fe6de0;  1 drivers
v0000000000fe1940_0 .net *"_ivl_78", 0 0, L_0000000000fe69f0;  1 drivers
v0000000000fe1bc0_0 .net *"_ivl_81", 0 0, L_0000000000fe4b70;  1 drivers
v0000000000fe27a0_0 .net *"_ivl_83", 0 0, L_0000000000fe4c10;  1 drivers
v0000000000fe1d00_0 .net *"_ivl_84", 0 0, L_0000000000fe6830;  1 drivers
v0000000000fe2ca0_0 .net *"_ivl_86", 0 0, L_0000000000fe6b40;  1 drivers
v0000000000fe2d40_0 .net *"_ivl_89", 0 0, L_0000000000fe4f30;  1 drivers
v0000000000fe1da0_0 .net *"_ivl_9", 0 0, L_0000000000fe38b0;  1 drivers
v0000000000fe2de0_0 .net *"_ivl_91", 0 0, L_0000000000fe3d10;  1 drivers
v0000000000fe1e40_0 .net *"_ivl_92", 0 0, L_0000000000fe6980;  1 drivers
v0000000000fe2f20_0 .net *"_ivl_94", 0 0, L_0000000000fe71d0;  1 drivers
v0000000000fe1f80_0 .var "configure", 15 0;
v0000000000fe1ee0_0 .net "in", 3 0, v0000000000fe3c70_0;  1 drivers
v0000000000fe1080_0 .net "out", 3 0, L_0000000000fe3450;  alias, 1 drivers
L_0000000000fe3a90 .part v0000000000fe1f80_0, 0, 1;
L_0000000000fe3db0 .part v0000000000fe3c70_0, 0, 1;
L_0000000000fe38b0 .part v0000000000fe1f80_0, 1, 1;
L_0000000000fe3810 .part v0000000000fe3c70_0, 1, 1;
L_0000000000fe31d0 .part v0000000000fe1f80_0, 2, 1;
L_0000000000fe3ef0 .part v0000000000fe3c70_0, 2, 1;
L_0000000000fe4170 .part v0000000000fe1f80_0, 3, 1;
L_0000000000fe3b30 .part v0000000000fe3c70_0, 3, 1;
L_0000000000fe4df0 .part v0000000000fe1f80_0, 4, 1;
L_0000000000fe4030 .part v0000000000fe3c70_0, 0, 1;
L_0000000000fe4990 .part v0000000000fe1f80_0, 5, 1;
L_0000000000fe3950 .part v0000000000fe3c70_0, 1, 1;
L_0000000000fe3bd0 .part v0000000000fe1f80_0, 6, 1;
L_0000000000fe4a30 .part v0000000000fe3c70_0, 2, 1;
L_0000000000fe4ad0 .part v0000000000fe1f80_0, 7, 1;
L_0000000000fe34f0 .part v0000000000fe3c70_0, 3, 1;
L_0000000000fe48f0 .part v0000000000fe1f80_0, 8, 1;
L_0000000000fe3090 .part v0000000000fe3c70_0, 0, 1;
L_0000000000fe39f0 .part v0000000000fe1f80_0, 9, 1;
L_0000000000fe4850 .part v0000000000fe3c70_0, 1, 1;
L_0000000000fe4b70 .part v0000000000fe1f80_0, 10, 1;
L_0000000000fe4c10 .part v0000000000fe3c70_0, 2, 1;
L_0000000000fe4f30 .part v0000000000fe1f80_0, 11, 1;
L_0000000000fe3d10 .part v0000000000fe3c70_0, 3, 1;
L_0000000000fe3450 .concat8 [ 1 1 1 1], L_0000000000f631f0, L_0000000000f63650, L_0000000000fe71d0, L_0000000000fe6c20;
L_0000000000fe3130 .part v0000000000fe1f80_0, 12, 1;
L_0000000000fe36d0 .part v0000000000fe3c70_0, 0, 1;
L_0000000000fe42b0 .part v0000000000fe1f80_0, 13, 1;
L_0000000000fe3270 .part v0000000000fe3c70_0, 1, 1;
L_0000000000fe45d0 .part v0000000000fe1f80_0, 14, 1;
L_0000000000fe3310 .part v0000000000fe3c70_0, 2, 1;
L_0000000000fe3e50 .part v0000000000fe1f80_0, 15, 1;
L_0000000000fe3590 .part v0000000000fe3c70_0, 3, 1;
S_0000000000f32d20 .scope module, "tile" "logic_tile" 2 10, 3 1 0, S_0000000000f64300;
 .timescale 0 0;
    .port_info 0 /OUTPUT 1 "out";
    .port_info 1 /INPUT 1 "clock";
    .port_info 2 /INPUT 1 "in1";
    .port_info 3 /INPUT 1 "in2";
    .port_info 4 /INPUT 1 "in3";
    .port_info 5 /INPUT 1 "in4";
    .port_info 6 /INPUT 1 "in5";
v0000000000fe2840_0 .net "clock", 0 0, v0000000000fe2980_0;  1 drivers
v0000000000fe2480_0 .net "in1", 0 0, v0000000000fe4490_0;  1 drivers
v0000000000fe2020_0 .net "in2", 0 0, v0000000000fe4d50_0;  1 drivers
v0000000000fe11c0_0 .net "in3", 0 0, v0000000000fe4530_0;  1 drivers
v0000000000fe25c0_0 .net "in4", 0 0, v0000000000fe4cb0_0;  1 drivers
v0000000000fe2520_0 .net "in5", 0 0, v0000000000fe40d0_0;  1 drivers
v0000000000fe28e0_0 .var "mem", 32 0;
v0000000000fe2160_0 .var "out", 0 0;
v0000000000fe2200_0 .var "tem", 0 0;
v0000000000fe22a0_0 .var "tem2", 0 0;
E_0000000000f82cc0 .event edge, v0000000000fe28e0_0, v0000000000fe2200_0, v0000000000fe22a0_0;
E_0000000000f82900 .event posedge, v0000000000fe2840_0;
E_0000000000f83000/0 .event edge, v0000000000fe2520_0, v0000000000fe25c0_0, v0000000000fe11c0_0, v0000000000fe2020_0;
E_0000000000f83000/1 .event edge, v0000000000fe2480_0, v0000000000fe28e0_0;
E_0000000000f83000 .event/or E_0000000000f83000/0, E_0000000000f83000/1;
    .scope S_0000000000f32d20;
T_0 ;
    %wait E_0000000000f83000;
    %load/vec4 v0000000000fe2520_0;
    %load/vec4 v0000000000fe25c0_0;
    %concat/vec4; draw_concat_vec4
    %load/vec4 v0000000000fe11c0_0;
    %concat/vec4; draw_concat_vec4
    %load/vec4 v0000000000fe2020_0;
    %concat/vec4; draw_concat_vec4
    %load/vec4 v0000000000fe2480_0;
    %concat/vec4; draw_concat_vec4
    %dup/vec4;
    %pushi/vec4 0, 0, 5;
    %cmp/u;
    %jmp/1 T_0.0, 6;
    %dup/vec4;
    %pushi/vec4 1, 0, 5;
    %cmp/u;
    %jmp/1 T_0.1, 6;
    %dup/vec4;
    %pushi/vec4 2, 0, 5;
    %cmp/u;
    %jmp/1 T_0.2, 6;
    %dup/vec4;
    %pushi/vec4 3, 0, 5;
    %cmp/u;
    %jmp/1 T_0.3, 6;
    %dup/vec4;
    %pushi/vec4 4, 0, 5;
    %cmp/u;
    %jmp/1 T_0.4, 6;
    %dup/vec4;
    %pushi/vec4 5, 0, 5;
    %cmp/u;
    %jmp/1 T_0.5, 6;
    %dup/vec4;
    %pushi/vec4 6, 0, 5;
    %cmp/u;
    %jmp/1 T_0.6, 6;
    %dup/vec4;
    %pushi/vec4 7, 0, 5;
    %cmp/u;
    %jmp/1 T_0.7, 6;
    %dup/vec4;
    %pushi/vec4 8, 0, 5;
    %cmp/u;
    %jmp/1 T_0.8, 6;
    %dup/vec4;
    %pushi/vec4 9, 0, 5;
    %cmp/u;
    %jmp/1 T_0.9, 6;
    %dup/vec4;
    %pushi/vec4 10, 0, 5;
    %cmp/u;
    %jmp/1 T_0.10, 6;
    %dup/vec4;
    %pushi/vec4 11, 0, 5;
    %cmp/u;
    %jmp/1 T_0.11, 6;
    %dup/vec4;
    %pushi/vec4 12, 0, 5;
    %cmp/u;
    %jmp/1 T_0.12, 6;
    %dup/vec4;
    %pushi/vec4 13, 0, 5;
    %cmp/u;
    %jmp/1 T_0.13, 6;
    %dup/vec4;
    %pushi/vec4 14, 0, 5;
    %cmp/u;
    %jmp/1 T_0.14, 6;
    %dup/vec4;
    %pushi/vec4 15, 0, 5;
    %cmp/u;
    %jmp/1 T_0.15, 6;
    %dup/vec4;
    %pushi/vec4 16, 0, 5;
    %cmp/u;
    %jmp/1 T_0.16, 6;
    %dup/vec4;
    %pushi/vec4 17, 0, 5;
    %cmp/u;
    %jmp/1 T_0.17, 6;
    %dup/vec4;
    %pushi/vec4 18, 0, 5;
    %cmp/u;
    %jmp/1 T_0.18, 6;
    %dup/vec4;
    %pushi/vec4 19, 0, 5;
    %cmp/u;
    %jmp/1 T_0.19, 6;
    %dup/vec4;
    %pushi/vec4 20, 0, 5;
    %cmp/u;
    %jmp/1 T_0.20, 6;
    %dup/vec4;
    %pushi/vec4 21, 0, 5;
    %cmp/u;
    %jmp/1 T_0.21, 6;
    %dup/vec4;
    %pushi/vec4 22, 0, 5;
    %cmp/u;
    %jmp/1 T_0.22, 6;
    %dup/vec4;
    %pushi/vec4 23, 0, 5;
    %cmp/u;
    %jmp/1 T_0.23, 6;
    %dup/vec4;
    %pushi/vec4 24, 0, 5;
    %cmp/u;
    %jmp/1 T_0.24, 6;
    %dup/vec4;
    %pushi/vec4 25, 0, 5;
    %cmp/u;
    %jmp/1 T_0.25, 6;
    %dup/vec4;
    %pushi/vec4 26, 0, 5;
    %cmp/u;
    %jmp/1 T_0.26, 6;
    %dup/vec4;
    %pushi/vec4 27, 0, 5;
    %cmp/u;
    %jmp/1 T_0.27, 6;
    %dup/vec4;
    %pushi/vec4 28, 0, 5;
    %cmp/u;
    %jmp/1 T_0.28, 6;
    %dup/vec4;
    %pushi/vec4 29, 0, 5;
    %cmp/u;
    %jmp/1 T_0.29, 6;
    %dup/vec4;
    %pushi/vec4 30, 0, 5;
    %cmp/u;
    %jmp/1 T_0.30, 6;
    %dup/vec4;
    %pushi/vec4 31, 0, 5;
    %cmp/u;
    %jmp/1 T_0.31, 6;
    %jmp T_0.32;
T_0.0 ;
    %load/vec4 v0000000000fe28e0_0;
    %parti/s 1, 0, 2;
    %store/vec4 v0000000000fe2200_0, 0, 1;
    %jmp T_0.32;
T_0.1 ;
    %load/vec4 v0000000000fe28e0_0;
    %parti/s 1, 1, 2;
    %store/vec4 v0000000000fe2200_0, 0, 1;
    %jmp T_0.32;
T_0.2 ;
    %load/vec4 v0000000000fe28e0_0;
    %parti/s 1, 2, 3;
    %store/vec4 v0000000000fe2200_0, 0, 1;
    %jmp T_0.32;
T_0.3 ;
    %load/vec4 v0000000000fe28e0_0;
    %parti/s 1, 3, 3;
    %store/vec4 v0000000000fe2200_0, 0, 1;
    %jmp T_0.32;
T_0.4 ;
    %load/vec4 v0000000000fe28e0_0;
    %parti/s 1, 4, 4;
    %store/vec4 v0000000000fe2200_0, 0, 1;
    %jmp T_0.32;
T_0.5 ;
    %load/vec4 v0000000000fe28e0_0;
    %parti/s 1, 5, 4;
    %store/vec4 v0000000000fe2200_0, 0, 1;
    %jmp T_0.32;
T_0.6 ;
    %load/vec4 v0000000000fe28e0_0;
    %parti/s 1, 6, 4;
    %store/vec4 v0000000000fe2200_0, 0, 1;
    %jmp T_0.32;
T_0.7 ;
    %load/vec4 v0000000000fe28e0_0;
    %parti/s 1, 7, 4;
    %store/vec4 v0000000000fe2200_0, 0, 1;
    %jmp T_0.32;
T_0.8 ;
    %load/vec4 v0000000000fe28e0_0;
    %parti/s 1, 8, 5;
    %store/vec4 v0000000000fe2200_0, 0, 1;
    %jmp T_0.32;
T_0.9 ;
    %load/vec4 v0000000000fe28e0_0;
    %parti/s 1, 9, 5;
    %store/vec4 v0000000000fe2200_0, 0, 1;
    %jmp T_0.32;
T_0.10 ;
    %load/vec4 v0000000000fe28e0_0;
    %parti/s 1, 10, 5;
    %store/vec4 v0000000000fe2200_0, 0, 1;
    %jmp T_0.32;
T_0.11 ;
    %load/vec4 v0000000000fe28e0_0;
    %parti/s 1, 11, 5;
    %store/vec4 v0000000000fe2200_0, 0, 1;
    %jmp T_0.32;
T_0.12 ;
    %load/vec4 v0000000000fe28e0_0;
    %parti/s 1, 12, 5;
    %store/vec4 v0000000000fe2200_0, 0, 1;
    %jmp T_0.32;
T_0.13 ;
    %load/vec4 v0000000000fe28e0_0;
    %parti/s 1, 13, 5;
    %store/vec4 v0000000000fe2200_0, 0, 1;
    %jmp T_0.32;
T_0.14 ;
    %load/vec4 v0000000000fe28e0_0;
    %parti/s 1, 14, 5;
    %store/vec4 v0000000000fe2200_0, 0, 1;
    %jmp T_0.32;
T_0.15 ;
    %load/vec4 v0000000000fe28e0_0;
    %parti/s 1, 15, 5;
    %store/vec4 v0000000000fe2200_0, 0, 1;
    %jmp T_0.32;
T_0.16 ;
    %load/vec4 v0000000000fe28e0_0;
    %parti/s 1, 16, 6;
    %store/vec4 v0000000000fe2200_0, 0, 1;
    %jmp T_0.32;
T_0.17 ;
    %load/vec4 v0000000000fe28e0_0;
    %parti/s 1, 17, 6;
    %store/vec4 v0000000000fe2200_0, 0, 1;
    %jmp T_0.32;
T_0.18 ;
    %load/vec4 v0000000000fe28e0_0;
    %parti/s 1, 18, 6;
    %store/vec4 v0000000000fe2200_0, 0, 1;
    %jmp T_0.32;
T_0.19 ;
    %load/vec4 v0000000000fe28e0_0;
    %parti/s 1, 19, 6;
    %store/vec4 v0000000000fe2200_0, 0, 1;
    %jmp T_0.32;
T_0.20 ;
    %load/vec4 v0000000000fe28e0_0;
    %parti/s 1, 20, 6;
    %store/vec4 v0000000000fe2200_0, 0, 1;
    %jmp T_0.32;
T_0.21 ;
    %load/vec4 v0000000000fe28e0_0;
    %parti/s 1, 21, 6;
    %store/vec4 v0000000000fe2200_0, 0, 1;
    %jmp T_0.32;
T_0.22 ;
    %load/vec4 v0000000000fe28e0_0;
    %parti/s 1, 22, 6;
    %store/vec4 v0000000000fe2200_0, 0, 1;
    %jmp T_0.32;
T_0.23 ;
    %load/vec4 v0000000000fe28e0_0;
    %parti/s 1, 23, 6;
    %store/vec4 v0000000000fe2200_0, 0, 1;
    %jmp T_0.32;
T_0.24 ;
    %load/vec4 v0000000000fe28e0_0;
    %parti/s 1, 24, 6;
    %store/vec4 v0000000000fe2200_0, 0, 1;
    %jmp T_0.32;
T_0.25 ;
    %load/vec4 v0000000000fe28e0_0;
    %parti/s 1, 25, 6;
    %store/vec4 v0000000000fe2200_0, 0, 1;
    %jmp T_0.32;
T_0.26 ;
    %load/vec4 v0000000000fe28e0_0;
    %parti/s 1, 26, 6;
    %store/vec4 v0000000000fe2200_0, 0, 1;
    %jmp T_0.32;
T_0.27 ;
    %load/vec4 v0000000000fe28e0_0;
    %parti/s 1, 27, 6;
    %store/vec4 v0000000000fe2200_0, 0, 1;
    %jmp T_0.32;
T_0.28 ;
    %load/vec4 v0000000000fe28e0_0;
    %parti/s 1, 28, 6;
    %store/vec4 v0000000000fe2200_0, 0, 1;
    %jmp T_0.32;
T_0.29 ;
    %load/vec4 v0000000000fe28e0_0;
    %parti/s 1, 29, 6;
    %store/vec4 v0000000000fe2200_0, 0, 1;
    %jmp T_0.32;
T_0.30 ;
    %load/vec4 v0000000000fe28e0_0;
    %parti/s 1, 30, 6;
    %store/vec4 v0000000000fe2200_0, 0, 1;
    %jmp T_0.32;
T_0.31 ;
    %load/vec4 v0000000000fe28e0_0;
    %parti/s 1, 31, 6;
    %store/vec4 v0000000000fe2200_0, 0, 1;
    %jmp T_0.32;
T_0.32 ;
    %pop/vec4 1;
    %jmp T_0;
    .thread T_0, $push;
    .scope S_0000000000f32d20;
T_1 ;
    %wait E_0000000000f82900;
    %load/vec4 v0000000000fe2200_0;
    %store/vec4 v0000000000fe22a0_0, 0, 1;
    %jmp T_1;
    .thread T_1;
    .scope S_0000000000f32d20;
T_2 ;
    %wait E_0000000000f82cc0;
    %load/vec4 v0000000000fe28e0_0;
    %parti/s 1, 32, 7;
    %dup/vec4;
    %pushi/vec4 0, 0, 1;
    %cmp/u;
    %jmp/1 T_2.0, 6;
    %dup/vec4;
    %pushi/vec4 1, 0, 1;
    %cmp/u;
    %jmp/1 T_2.1, 6;
    %jmp T_2.2;
T_2.0 ;
    %load/vec4 v0000000000fe2200_0;
    %store/vec4 v0000000000fe2160_0, 0, 1;
    %jmp T_2.2;
T_2.1 ;
    %load/vec4 v0000000000fe22a0_0;
    %store/vec4 v0000000000fe2160_0, 0, 1;
    %jmp T_2.2;
T_2.2 ;
    %pop/vec4 1;
    %jmp T_2;
    .thread T_2, $push;
    .scope S_0000000000f64300;
T_3 ;
    %pushi/vec4 0, 0, 1;
    %store/vec4 v0000000000fe2980_0, 0, 1;
    %end;
    .thread T_3;
    .scope S_0000000000f64300;
T_4 ;
    %delay 10, 0;
    %load/vec4 v0000000000fe2980_0;
    %inv;
    %store/vec4 v0000000000fe2980_0, 0, 1;
    %jmp T_4;
    .thread T_4;
    .scope S_0000000000f64300;
T_5 ;
    %vpi_call 2 14 "$readmemh", "info.mem", v0000000000fe4e90 {0 0 0};
    %ix/load 4, 2, 0;
    %flag_set/imm 4, 0;
    %load/vec4a v0000000000fe4e90, 4;
    %pad/u 16;
    %store/vec4 v0000000000fe1f80_0, 0, 16;
    %ix/load 4, 1, 0;
    %flag_set/imm 4, 0;
    %load/vec4a v0000000000fe4e90, 4;
    %pad/u 1;
    %ix/load 4, 32, 0;
    %flag_set/imm 4, 0;
    %store/vec4 v0000000000fe28e0_0, 4, 1;
    %ix/load 4, 0, 0;
    %flag_set/imm 4, 0;
    %load/vec4a v0000000000fe4e90, 4;
    %ix/load 4, 0, 0;
    %flag_set/imm 4, 0;
    %store/vec4 v0000000000fe28e0_0, 4, 32;
    %end;
    .thread T_5;
    .scope S_0000000000f64300;
T_6 ;
    %pushi/vec4 1, 0, 1;
    %store/vec4 v0000000000fe4490_0, 0, 1;
    %pushi/vec4 1, 0, 1;
    %store/vec4 v0000000000fe4d50_0, 0, 1;
    %pushi/vec4 1, 0, 1;
    %store/vec4 v0000000000fe4530_0, 0, 1;
    %pushi/vec4 1, 0, 1;
    %store/vec4 v0000000000fe4cb0_0, 0, 1;
    %pushi/vec4 1, 0, 1;
    %store/vec4 v0000000000fe40d0_0, 0, 1;
    %delay 16, 0;
    %vpi_call 2 26 "$display", "output LT is %b", v0000000000fe3f90_0 {0 0 0};
    %pushi/vec4 0, 0, 1;
    %store/vec4 v0000000000fe4490_0, 0, 1;
    %pushi/vec4 0, 0, 1;
    %store/vec4 v0000000000fe4d50_0, 0, 1;
    %pushi/vec4 0, 0, 1;
    %store/vec4 v0000000000fe4530_0, 0, 1;
    %pushi/vec4 0, 0, 1;
    %store/vec4 v0000000000fe4cb0_0, 0, 1;
    %pushi/vec4 0, 0, 1;
    %store/vec4 v0000000000fe40d0_0, 0, 1;
    %delay 16, 0;
    %vpi_call 2 33 "$display", "output LT is %b", v0000000000fe3f90_0 {0 0 0};
    %pushi/vec4 0, 0, 1;
    %store/vec4 v0000000000fe4490_0, 0, 1;
    %pushi/vec4 0, 0, 1;
    %store/vec4 v0000000000fe4d50_0, 0, 1;
    %pushi/vec4 1, 0, 1;
    %store/vec4 v0000000000fe4530_0, 0, 1;
    %pushi/vec4 0, 0, 1;
    %store/vec4 v0000000000fe4cb0_0, 0, 1;
    %pushi/vec4 1, 0, 1;
    %store/vec4 v0000000000fe40d0_0, 0, 1;
    %delay 16, 0;
    %vpi_call 2 40 "$display", "output LT is %b", v0000000000fe3f90_0 {0 0 0};
    %pushi/vec4 10, 0, 4;
    %store/vec4 v0000000000fe3c70_0, 0, 4;
    %delay 10, 0;
    %vpi_call 2 43 "$display", "output switch is %b", v0000000000fe33b0_0 {0 0 0};
    %pushi/vec4 8, 0, 4;
    %store/vec4 v0000000000fe3c70_0, 0, 4;
    %delay 10, 0;
    %vpi_call 2 46 "$display", "output switch is %b", v0000000000fe33b0_0 {0 0 0};
    %pushi/vec4 11, 0, 4;
    %store/vec4 v0000000000fe3c70_0, 0, 4;
    %delay 10, 0;
    %vpi_call 2 49 "$display", "output switch is %b", v0000000000fe33b0_0 {0 0 0};
    %pushi/vec4 2, 0, 4;
    %store/vec4 v0000000000fe3c70_0, 0, 4;
    %delay 10, 0;
    %vpi_call 2 52 "$display", "output switch is %b", v0000000000fe33b0_0 {0 0 0};
    %vpi_call 2 53 "$finish" {0 0 0};
    %end;
    .thread T_6;
    .scope S_0000000000f64300;
T_7 ;
    %vpi_call 2 57 "$dumpfile", "dump.vcd" {0 0 0};
    %vpi_call 2 58 "$dumpvars" {0 0 0};
    %end;
    .thread T_7;
# The file index is used to find the file name in the following table.
:file_names 4;
    "N/A";
    "<interactive>";
    "testbench.v";
    "lab4.v";
